WARNING:root:272:What's the difference between a seal and a sea lion?:An ion! 
WARNING:root:308:Why can't your nose be 12 inches long?:Because then it'd be a foot!
WARNING:root:373:Why was Cinderalla thrown out of the football team?:Because she ran away from the ball.
WARNING:root:66:Did you watch the new comic book movie?:It was very graphic!
WARNING:root:262:What was a more important invention than the first telephone?:The second one.
WARNING:root:340:Why do bananas have to put on sunscreen before they go to the beach?:Because they might peel!
WARNING:root:154:What are the strongest days of the week?:Saturday and Sunday...the rest are weekdays.
WARNING:root:448:Why did the programmer always carry a pencil?:They preferred to write in C#.
WARNING:root:108:Ever wondered why bees hum?:It's because they don't know the words.
WARNING:root:303:Why are oranges the smartest fruit?:Because they are made to concentrate. 
WARNING:root:308:Why can't your nose be 12 inches long?:Because then it'd be a foot!
WARNING:root:133:How does a French skeleton say hello?:Bone-jour.
WARNING:root:184:What did the shy pebble wish for?:That she was a little boulder.
WARNING:root:194:What do you call a careful wolf?:Aware wolf.
WARNING:root:276:What’s E.T. short for?:He’s only got little legs.
WARNING:root:150:Want to hear a chimney joke?:Got stacks of em! First one's on the house
WARNING:root:216:What do you call a troublesome Canadian high schooler?:A poutine.
WARNING:root:315:Why did the barber win the race?:He took a short cut.
WARNING:root:352:Why do trees seem suspicious on sunny days?:Dunno, they're just a bit shady.
WARNING:root:408:Why did the developer quit his job?:Because he didn't get arrays.
WARNING:root:189:What do prisoners use to call each other?:Cell phones.
WARNING:root:238:What has ears but cannot hear?:A field of corn.
WARNING:root:90:Did you hear about the kidnapping at school?:It's ok, he woke up.
WARNING:root:9:What kind of shoes does a thief wear?:Sneakers
WARNING:root:327:Why did the kid cross the playground?:To get to the other slide.
WARNING:root:347:Why do ducks make great detectives?:They always quack the case.
WARNING:root:268:What's red and bad for your teeth?:A Brick.
WARNING:root:256:What kind of pants do ghosts wear?:Boo jeans.
WARNING:root:224:What do you call someone with no nose?:Nobody knows.
WARNING:root:77:What time is it?:I don't know... it keeps changing.
WARNING:root:365:Two guys walk into a bar . . .:The first guy says "Ouch!" and the second says "Yeah, I didn't see it either."
WARNING:root:55:How do you check if a webpage is HTML5?:Try it out on Internet Explorer
WARNING:root:359:Why does Norway have barcodes on their battleships?:So when they get back to port, they can Scandinavian.
WARNING:root:81:Can February march?:No, but April may.
WARNING:root:204:What do you call a fashionable lawn statue with an excellent sense of rhythmn?:A metro-gnome
